<?xml version="1.0" encoding="UTF-8"?>
<testsuite name="br.com.fiap.aula2_Maven_Project.HelloControllerTest" time="1.541" tests="2" errors="0" skipped="0" failures="2">
  <properties>
[...]
</properties>
  <testcase name="testHello" classname="br.com.fiap.aula2_Maven_Project.HelloControllerTest" time="1.194">
    <failure message="Response body doesn&apos;t match expectation.&#10;Expected: is &quot;Hello World!&quot;&#10;  Actual: {&quot;timestamp&quot;:1508970159898,&quot;status&quot;:404,&quot;error&quot;:&quot;Not Found&quot;,&quot;message&quot;:&quot;No message available&quot;,&quot;path&quot;:&quot;/&quot;}&#10;" type="java.lang.AssertionError">java.lang.AssertionError: Response body doesn't match expectation.
Expected: is "Hello World!"
  Actual: {"timestamp":1508970159898,"status":404,"error":"Not Found","message":"No message available","path":"/"}

	at sun.reflect.NativeConstructorAccessorImpl.newInstance0(Native Method)
	at sun.reflect.NativeConstructorAccessorImpl.newInstance(NativeConstructorAccessorImpl.java:62)
	at sun.reflect.DelegatingConstructorAccessorImpl.newInstance(DelegatingConstructorAccessorImpl.java:45)
	at java.lang.reflect.Constructor.newInstance(Constructor.java:423)
	at org.codehaus.groovy.reflection.CachedConstructor.invoke(CachedConstructor.java:80)
	at org.codehaus.groovy.reflection.CachedConstructor.doConstructorInvoke(CachedConstructor.java:74)
	at org.codehaus.groovy.runtime.callsite.ConstructorSite$ConstructorSiteNoUnwrap.callConstructor(ConstructorSite.java:84)
	at org.codehaus.groovy.runtime.callsite.CallSiteArray.defaultCallConstructor(CallSiteArray.java:60)
	at org.codehaus.groovy.runtime.callsite.AbstractCallSite.callConstructor(AbstractCallSite.java:235)
	at org.codehaus.groovy.runtime.callsite.AbstractCallSite.callConstructor(AbstractCallSite.java:247)
	at com.jayway.restassured.internal.ResponseSpecificationImpl$HamcrestAssertionClosure.validate(ResponseSpecificationImpl.groovy:573)
	at com.jayway.restassured.internal.ResponseSpecificationImpl$HamcrestAssertionClosure$validate$1.call(Unknown Source)
	at org.codehaus.groovy.runtime.callsite.CallSiteArray.defaultCall(CallSiteArray.java:48)
	at org.codehaus.groovy.runtime.callsite.AbstractCallSite.call(AbstractCallSite.java:113)
	at org.codehaus.groovy.runtime.callsite.AbstractCallSite.call(AbstractCallSite.java:125)
	at com.jayway.restassured.internal.ResponseSpecificationImpl.validateResponseIfRequired(ResponseSpecificationImpl.groovy:732)
	at com.jayway.restassured.internal.ResponseSpecificationImpl.this$2$validateResponseIfRequired(ResponseSpecificationImpl.groovy)
	at sun.reflect.NativeMethodAccessorImpl.invoke0(Native Method)
	at sun.reflect.NativeMethodAccessorImpl.invoke(NativeMethodAccessorImpl.java:62)
	at sun.reflect.DelegatingMethodAccessorImpl.invoke(DelegatingMethodAccessorImpl.java:43)
	at java.lang.reflect.Method.invoke(Method.java:498)
	at org.codehaus.groovy.runtime.callsite.PogoMetaMethodSite$PogoCachedMethodSiteNoUnwrapNoCoerce.invoke(PogoMetaMethodSite.java:210)
	at org.codehaus.groovy.runtime.callsite.PogoMetaMethodSite.callCurrent(PogoMetaMethodSite.java:59)
	at org.codehaus.groovy.runtime.callsite.CallSiteArray.defaultCallCurrent(CallSiteArray.java:52)
	at org.codehaus.groovy.runtime.callsite.AbstractCallSite.callCurrent(AbstractCallSite.java:154)
	at org.codehaus.groovy.runtime.callsite.AbstractCallSite.callCurrent(AbstractCallSite.java:166)
	at com.jayway.restassured.internal.ResponseSpecificationImpl.content(ResponseSpecificationImpl.groovy:92)
	at com.jayway.restassured.specification.ResponseSpecification$content$0.callCurrent(Unknown Source)
	at org.codehaus.groovy.runtime.callsite.CallSiteArray.defaultCallCurrent(CallSiteArray.java:52)
	at org.codehaus.groovy.runtime.callsite.AbstractCallSite.callCurrent(AbstractCallSite.java:154)
	at org.codehaus.groovy.runtime.callsite.AbstractCallSite.callCurrent(AbstractCallSite.java:174)
	at com.jayway.restassured.internal.ResponseSpecificationImpl.body(ResponseSpecificationImpl.groovy:207)
	at com.jayway.restassured.internal.ValidatableResponseOptionsImpl.body(ValidatableResponseOptionsImpl.java:251)
	at br.com.fiap.aula2_Maven_Project.HelloControllerTest.testHello(HelloControllerTest.java:34)
</failure>
    <system-out><![CDATA[20:22:35.415 [main] DEBUG o.s.t.c.j.SpringJUnit4ClassRunner - SpringJUnit4ClassRunner constructor called with [class br.com.fiap.aula2_Maven_Project.HelloControllerTest]
20:22:35.438 [main] DEBUG o.s.test.context.BootstrapUtils - Instantiating TestContextBootstrapper from class [org.springframework.test.context.web.WebTestContextBootstrapper]
20:22:35.458 [main] DEBUG o.s.t.c.w.WebTestContextBootstrapper - Found explicit ContextLoader class [org.springframework.boot.test.SpringApplicationContextLoader] for context configuration attributes [ContextConfigurationAttributes@2ac273d3 declaringClass = 'br.com.fiap.aula2_Maven_Project.HelloControllerTest', classes = '{class br.com.fiap.aula2_Maven_Project.App}', locations = '{}', inheritLocations = true, initializers = '{}', inheritInitializers = true, name = [null], contextLoaderClass = 'org.springframework.boot.test.SpringApplicationContextLoader']
20:22:35.469 [main] DEBUG o.s.t.c.support.ActiveProfilesUtils - Could not find an 'annotation declaring class' for annotation type [org.springframework.test.context.ActiveProfiles] and class [br.com.fiap.aula2_Maven_Project.HelloControllerTest]
20:22:35.489 [main] INFO  o.s.t.c.w.WebTestContextBootstrapper - Using TestExecutionListeners: [org.springframework.boot.test.IntegrationTestPropertiesListener@2a17b7b6, org.springframework.test.context.support.DependencyInjectionTestExecutionListener@4f063c0a, org.springframework.test.context.support.DirtiesContextTestExecutionListener@1e6d1014, org.springframework.test.context.transaction.TransactionalTestExecutionListener@76707e36, org.springframework.test.context.jdbc.SqlScriptsTestExecutionListener@614ddd49]
20:22:35.492 [main] DEBUG o.s.t.annotation.ProfileValueUtils - Retrieved @ProfileValueSourceConfiguration [null] for test class [br.com.fiap.aula2_Maven_Project.HelloControllerTest]
20:22:35.493 [main] DEBUG o.s.t.annotation.ProfileValueUtils - Retrieved ProfileValueSource type [class org.springframework.test.annotation.SystemProfileValueSource] for class [br.com.fiap.aula2_Maven_Project.HelloControllerTest]
20:22:35.495 [main] DEBUG o.s.t.annotation.ProfileValueUtils - Retrieved @ProfileValueSourceConfiguration [null] for test class [br.com.fiap.aula2_Maven_Project.HelloControllerTest]
20:22:35.495 [main] DEBUG o.s.t.annotation.ProfileValueUtils - Retrieved ProfileValueSource type [class org.springframework.test.annotation.SystemProfileValueSource] for class [br.com.fiap.aula2_Maven_Project.HelloControllerTest]
20:22:35.499 [main] DEBUG o.s.t.annotation.ProfileValueUtils - Retrieved @ProfileValueSourceConfiguration [null] for test class [br.com.fiap.aula2_Maven_Project.HelloControllerTest]
20:22:35.500 [main] DEBUG o.s.t.annotation.ProfileValueUtils - Retrieved ProfileValueSource type [class org.springframework.test.annotation.SystemProfileValueSource] for class [br.com.fiap.aula2_Maven_Project.HelloControllerTest]
20:22:35.503 [main] DEBUG o.s.test.util.ReflectionTestUtils - Getting field [mergedContextConfiguration] from target [[DefaultTestContext@74650e52 testClass = HelloControllerTest, testInstance = br.com.fiap.aula2_Maven_Project.HelloControllerTest@15d0c81b, testMethod = [null], testException = [null], mergedContextConfiguration = [WebMergedContextConfiguration@6acdbdf5 testClass = HelloControllerTest, locations = '{}', classes = '{class br.com.fiap.aula2_Maven_Project.App}', contextInitializerClasses = '[]', activeProfiles = '{}', propertySourceLocations = '{}', propertySourceProperties = '{}', resourceBasePath = 'src/main/webapp', contextLoader = 'org.springframework.boot.test.SpringApplicationContextLoader', parent = [null]]]]
20:22:35.505 [main] DEBUG o.s.test.util.ReflectionTestUtils - Setting field [propertySourceProperties] of type [null] on target [[WebMergedContextConfiguration@6acdbdf5 testClass = HelloControllerTest, locations = '{}', classes = '{class br.com.fiap.aula2_Maven_Project.App}', contextInitializerClasses = '[]', activeProfiles = '{}', propertySourceLocations = '{}', propertySourceProperties = '{}', resourceBasePath = 'src/main/webapp', contextLoader = 'org.springframework.boot.test.SpringApplicationContextLoader', parent = [null]]] to value [[Ljava.lang.String;@2833cc44]
20:22:35.505 [main] DEBUG o.s.t.c.s.DependencyInjectionTestExecutionListener - Performing dependency injection for test context [[DefaultTestContext@74650e52 testClass = HelloControllerTest, testInstance = br.com.fiap.aula2_Maven_Project.HelloControllerTest@15d0c81b, testMethod = [null], testException = [null], mergedContextConfiguration = [WebMergedContextConfiguration@6acdbdf5 testClass = HelloControllerTest, locations = '{}', classes = '{class br.com.fiap.aula2_Maven_Project.App}', contextInitializerClasses = '[]', activeProfiles = '{}', propertySourceLocations = '{}', propertySourceProperties = '{server.port:0, spring.datasource.url:jdbc:h2:mem:aula2-Maven-Project;DB_CLOSE_ON_EXIT=FALSE, org.springframework.boot.test.IntegrationTest=true}', resourceBasePath = 'src/main/webapp', contextLoader = 'org.springframework.boot.test.SpringApplicationContextLoader', parent = [null]]]].
20:22:35.590 [main] DEBUG o.s.core.env.StandardEnvironment - Adding [systemProperties] PropertySource with lowest search precedence
20:22:35.592 [main] DEBUG o.s.core.env.StandardEnvironment - Adding [systemEnvironment] PropertySource with lowest search precedence
20:22:35.592 [main] DEBUG o.s.core.env.StandardEnvironment - Initialized StandardEnvironment with PropertySources [systemProperties,systemEnvironment]
20:22:35.593 [main] DEBUG o.s.core.env.StandardEnvironment - Adding [integrationTest] PropertySource with search precedence immediately lower than [systemEnvironment]
2017-10-25 20:22:35.864  INFO 4680 --- [           main] b.c.f.a.HelloControllerTest              : Starting HelloControllerTest on Silas-NB with PID 4680 (D:\Workspace\Fiap\fiap-framework\aula2-Maven-Project\target\test-classes started by Silas in D:\Workspace\Fiap\fiap-framework\aula2-Maven-Project)
2017-10-25 20:22:36.068  INFO 4680 --- [           main] ationConfigEmbeddedWebApplicationContext : Refreshing org.springframework.boot.context.embedded.AnnotationConfigEmbeddedWebApplicationContext@61230f6a: startup date [Wed Oct 25 20:22:36 BRST 2017]; root of context hierarchy
2017-10-25 20:22:36.540  INFO 4680 --- [           main] o.s.b.f.s.DefaultListableBeanFactory     : Overriding bean definition for bean 'beanNameViewResolver': replacing [Root bean: class [null]; scope=; abstract=false; lazyInit=false; autowireMode=3; dependencyCheck=0; autowireCandidate=true; primary=false; factoryBeanName=org.springframework.boot.autoconfigure.web.ErrorMvcAutoConfiguration$WhitelabelErrorViewConfiguration; factoryMethodName=beanNameViewResolver; initMethodName=null; destroyMethodName=(inferred); defined in class path resource [org/springframework/boot/autoconfigure/web/ErrorMvcAutoConfiguration$WhitelabelErrorViewConfiguration.class]] with [Root bean: class [null]; scope=; abstract=false; lazyInit=false; autowireMode=3; dependencyCheck=0; autowireCandidate=true; primary=false; factoryBeanName=org.springframework.boot.autoconfigure.web.WebMvcAutoConfiguration$WebMvcAutoConfigurationAdapter; factoryMethodName=beanNameViewResolver; initMethodName=null; destroyMethodName=(inferred); defined in class path resource [org/springframework/boot/autoconfigure/web/WebMvcAutoConfiguration$WebMvcAutoConfigurationAdapter.class]]
2017-10-25 20:22:36.931  INFO 4680 --- [           main] trationDelegate$BeanPostProcessorChecker : Bean 'org.springframework.transaction.annotation.ProxyTransactionManagementConfiguration' of type [class org.springframework.transaction.annotation.ProxyTransactionManagementConfiguration$$EnhancerBySpringCGLIB$$2a7edd83] is not eligible for getting processed by all BeanPostProcessors (for example: not eligible for auto-proxying)
2017-10-25 20:22:36.949  INFO 4680 --- [           main] trationDelegate$BeanPostProcessorChecker : Bean 'transactionAttributeSource' of type [class org.springframework.transaction.annotation.AnnotationTransactionAttributeSource] is not eligible for getting processed by all BeanPostProcessors (for example: not eligible for auto-proxying)
2017-10-25 20:22:36.956  INFO 4680 --- [           main] trationDelegate$BeanPostProcessorChecker : Bean 'transactionInterceptor' of type [class org.springframework.transaction.interceptor.TransactionInterceptor] is not eligible for getting processed by all BeanPostProcessors (for example: not eligible for auto-proxying)
2017-10-25 20:22:36.962  INFO 4680 --- [           main] trationDelegate$BeanPostProcessorChecker : Bean 'org.springframework.transaction.config.internalTransactionAdvisor' of type [class org.springframework.transaction.interceptor.BeanFactoryTransactionAttributeSourceAdvisor] is not eligible for getting processed by all BeanPostProcessors (for example: not eligible for auto-proxying)
2017-10-25 20:22:37.351  INFO 4680 --- [           main] s.b.c.e.t.TomcatEmbeddedServletContainer : Tomcat initialized with port(s): 0 (http)
2017-10-25 20:22:37.614  INFO 4680 --- [           main] o.apache.catalina.core.StandardService   : Starting service Tomcat
2017-10-25 20:22:37.616  INFO 4680 --- [           main] org.apache.catalina.core.StandardEngine  : Starting Servlet Engine: Apache Tomcat/8.0.28
2017-10-25 20:22:37.740  INFO 4680 --- [ost-startStop-1] o.a.c.c.C.[Tomcat].[localhost].[/]       : Initializing Spring embedded WebApplicationContext
2017-10-25 20:22:37.740  INFO 4680 --- [ost-startStop-1] o.s.web.context.ContextLoader            : Root WebApplicationContext: initialization completed in 1674 ms
2017-10-25 20:22:38.355  INFO 4680 --- [ost-startStop-1] o.s.b.c.e.ServletRegistrationBean        : Mapping servlet: 'dispatcherServlet' to [/]
2017-10-25 20:22:38.360  INFO 4680 --- [ost-startStop-1] o.s.b.c.embedded.FilterRegistrationBean  : Mapping filter: 'characterEncodingFilter' to: [/*]
2017-10-25 20:22:38.361  INFO 4680 --- [ost-startStop-1] o.s.b.c.embedded.FilterRegistrationBean  : Mapping filter: 'hiddenHttpMethodFilter' to: [/*]
2017-10-25 20:22:38.674  INFO 4680 --- [           main] s.w.s.m.m.a.RequestMappingHandlerAdapter : Looking for @ControllerAdvice: org.springframework.boot.context.embedded.AnnotationConfigEmbeddedWebApplicationContext@61230f6a: startup date [Wed Oct 25 20:22:36 BRST 2017]; root of context hierarchy
2017-10-25 20:22:38.726  INFO 4680 --- [           main] s.w.s.m.m.a.RequestMappingHandlerMapping : Mapped "{[/error]}" onto public org.springframework.http.ResponseEntity<java.util.Map<java.lang.String, java.lang.Object>> org.springframework.boot.autoconfigure.web.BasicErrorController.error(javax.servlet.http.HttpServletRequest)
2017-10-25 20:22:38.727  INFO 4680 --- [           main] s.w.s.m.m.a.RequestMappingHandlerMapping : Mapped "{[/error],produces=[text/html]}" onto public org.springframework.web.servlet.ModelAndView org.springframework.boot.autoconfigure.web.BasicErrorController.errorHtml(javax.servlet.http.HttpServletRequest)
2017-10-25 20:22:38.750  INFO 4680 --- [           main] o.s.w.s.handler.SimpleUrlHandlerMapping  : Mapped URL path [/webjars/**] onto handler of type [class org.springframework.web.servlet.resource.ResourceHttpRequestHandler]
2017-10-25 20:22:38.750  INFO 4680 --- [           main] o.s.w.s.handler.SimpleUrlHandlerMapping  : Mapped URL path [/**] onto handler of type [class org.springframework.web.servlet.resource.ResourceHttpRequestHandler]
2017-10-25 20:22:38.789  INFO 4680 --- [           main] o.s.w.s.handler.SimpleUrlHandlerMapping  : Mapped URL path [/**/favicon.ico] onto handler of type [class org.springframework.web.servlet.resource.ResourceHttpRequestHandler]
2017-10-25 20:22:38.909  INFO 4680 --- [           main] s.b.c.e.t.TomcatEmbeddedServletContainer : Tomcat started on port(s): 50050 (http)
2017-10-25 20:22:38.910  INFO 4680 --- [           main] b.c.f.a.HelloControllerTest              : Started HelloControllerTest in 3.311 seconds (JVM running for 3.851)
2017-10-25 20:22:39.852  INFO 4680 --- [o-auto-1-exec-1] o.a.c.c.C.[Tomcat].[localhost].[/]       : Initializing Spring FrameworkServlet 'dispatcherServlet'
2017-10-25 20:22:39.853  INFO 4680 --- [o-auto-1-exec-1] o.s.web.servlet.DispatcherServlet        : FrameworkServlet 'dispatcherServlet': initialization started
2017-10-25 20:22:39.870  INFO 4680 --- [o-auto-1-exec-1] o.s.web.servlet.DispatcherServlet        : FrameworkServlet 'dispatcherServlet': initialization completed in 16 ms
]]></system-out>
  </testcase>
  <testcase name="testCalc" classname="br.com.fiap.aula2_Maven_Project.HelloControllerTest" time="0.347">
    <failure message="JSON path left doesn&apos;t match.&#10;Expected: is &lt;100&gt;&#10;  Actual: null&#10;" type="java.lang.AssertionError"><![CDATA[java.lang.AssertionError: JSON path left doesn't match.
Expected: is <100>
  Actual: null

	at sun.reflect.NativeConstructorAccessorImpl.newInstance0(Native Method)
	at sun.reflect.NativeConstructorAccessorImpl.newInstance(NativeConstructorAccessorImpl.java:62)
	at sun.reflect.DelegatingConstructorAccessorImpl.newInstance(DelegatingConstructorAccessorImpl.java:45)
	at java.lang.reflect.Constructor.newInstance(Constructor.java:423)
	at org.codehaus.groovy.reflection.CachedConstructor.invoke(CachedConstructor.java:80)
	at org.codehaus.groovy.runtime.callsite.ConstructorSite$ConstructorSiteNoUnwrapNoCoerce.callConstructor(ConstructorSite.java:105)
	at org.codehaus.groovy.runtime.callsite.CallSiteArray.defaultCallConstructor(CallSiteArray.java:60)
	at org.codehaus.groovy.runtime.callsite.ConstructorSite$ConstructorSiteNoUnwrap.callConstructor(ConstructorSite.java:89)
	at org.codehaus.groovy.runtime.callsite.AbstractCallSite.callConstructor(AbstractCallSite.java:247)
	at com.jayway.restassured.internal.ResponseSpecificationImpl$HamcrestAssertionClosure.validate(ResponseSpecificationImpl.groovy:573)
	at com.jayway.restassured.internal.ResponseSpecificationImpl$HamcrestAssertionClosure$validate$1.call(Unknown Source)
	at com.jayway.restassured.internal.ResponseSpecificationImpl.validateResponseIfRequired(ResponseSpecificationImpl.groovy:732)
	at com.jayway.restassured.internal.ResponseSpecificationImpl.this$2$validateResponseIfRequired(ResponseSpecificationImpl.groovy)
	at sun.reflect.NativeMethodAccessorImpl.invoke0(Native Method)
	at sun.reflect.NativeMethodAccessorImpl.invoke(NativeMethodAccessorImpl.java:62)
	at sun.reflect.DelegatingMethodAccessorImpl.invoke(DelegatingMethodAccessorImpl.java:43)
	at java.lang.reflect.Method.invoke(Method.java:498)
	at org.codehaus.groovy.runtime.callsite.PogoMetaMethodSite$PogoCachedMethodSiteNoUnwrapNoCoerce.invoke(PogoMetaMethodSite.java:210)
	at org.codehaus.groovy.runtime.callsite.PogoMetaMethodSite.callCurrent(PogoMetaMethodSite.java:59)
	at org.codehaus.groovy.runtime.callsite.CallSiteArray.defaultCallCurrent(CallSiteArray.java:52)
	at org.codehaus.groovy.runtime.callsite.AbstractCallSite.callCurrent(AbstractCallSite.java:154)
	at org.codehaus.groovy.runtime.callsite.AbstractCallSite.callCurrent(AbstractCallSite.java:166)
	at com.jayway.restassured.internal.ResponseSpecificationImpl.content(ResponseSpecificationImpl.groovy:228)
	at com.jayway.restassured.specification.ResponseSpecification$content$1.callCurrent(Unknown Source)
	at org.codehaus.groovy.runtime.callsite.CallSiteArray.defaultCallCurrent(CallSiteArray.java:52)
	at org.codehaus.groovy.runtime.callsite.AbstractCallSite.callCurrent(AbstractCallSite.java:154)
	at org.codehaus.groovy.runtime.callsite.AbstractCallSite.callCurrent(AbstractCallSite.java:190)
	at com.jayway.restassured.internal.ResponseSpecificationImpl.body(ResponseSpecificationImpl.groovy:211)
	at com.jayway.restassured.internal.ValidatableResponseOptionsImpl.body(ValidatableResponseOptionsImpl.java:257)
	at br.com.fiap.aula2_Maven_Project.HelloControllerTest.testCalc(HelloControllerTest.java:43)
]]></failure>
  </testcase>
</testsuite>